[    0.000000] Linux version 4.15.0-151-generic (buildd@lgw01-amd64-042) (gcc version 7.5.0 (Ubuntu 7.5.0-3ubuntu1~18.04)) #157-Ubuntu SMP Fri Jul 9 23:07:57 UTC 2021 (Ubuntu 4.15.0-151.157-generic 4.15.18)
[    0.000000] Command line: BOOT_IMAGE=/boot/vmlinuz-4.15.0-151-generic root=LABEL=cloudimg-rootfs ro console=tty1 console=ttyS0
[    0.000000] KERNEL supported cpus:
[    0.000000]   Intel GenuineIntel
[    0.000000]   AMD AuthenticAMD
[    0.000000]   Centaur CentaurHauls
[    0.000000] x86/fpu: x87 FPU will use FXSAVE
[    0.000000] e820: BIOS-provided physical RAM map:
[    0.000000] BIOS-e820: [mem 0x0000000000000000-0x000000000009fbff] usable
[    0.000000] BIOS-e820: [mem 0x000000000009fc00-0x000000000009ffff] reserved
[    0.000000] BIOS-e820: [mem 0x00000000000f0000-0x00000000000fffff] reserved
[    0.000000] BIOS-e820: [mem 0x0000000000100000-0x000000007ffeffff] usable
[    0.000000] BIOS-e820: [mem 0x000000007fff0000-0x000000007fffffff] ACPI data
[    0.000000] BIOS-e820: [mem 0x00000000fec00000-0x00000000fec00fff] reserved
[    0.000000] BIOS-e820: [mem 0x00000000fee00000-0x00000000fee00fff] reserved
[    0.000000] BIOS-e820: [mem 0x00000000fffc0000-0x00000000ffffffff] reserved
[    0.000000] NX (Execute Disable) protection: active
[    0.000000] SMBIOS 2.5 present.
[    0.000000] DMI: innotek GmbH VirtualBox/VirtualBox, BIOS VirtualBox 12/01/2006
[    0.000000] Hypervisor detected: KVM
[    0.000000] e820: last_pfn = 0x7fff0 max_arch_pfn = 0x400000000
[    0.000000] MTRR: Disabled
[    0.000000] x86/PAT: MTRRs disabled, skipping PAT initialization too.
[    0.000000] CPU MTRRs all blank - virtualized system.
[    0.000000] x86/PAT: Configuration [0-7]: WB  WT  UC- UC  WB  WT  UC- UC  
[    0.000000] found SMP MP-table at [mem 0x0009fff0-0x0009ffff]
[    0.000000] Scanning 1 areas for low memory corruption
[    0.000000] RAMDISK: [mem 0x359d1000-0x36cdffff]
[    0.000000] ACPI: Early table checksum verification disabled
[    0.000000] ACPI: RSDP 0x00000000000E0000 000024 (v02 VBOX  )
[    0.000000] ACPI: XSDT 0x000000007FFF0030 00003C (v01 VBOX   VBOXXSDT 00000001 ASL  00000061)
[    0.000000] ACPI: FACP 0x000000007FFF00F0 0000F4 (v04 VBOX   VBOXFACP 00000001 ASL  00000061)
[    0.000000] ACPI: DSDT 0x000000007FFF0470 002325 (v02 VBOX   VBOXBIOS 00000002 INTL 20100528)
[    0.000000] ACPI: FACS 0x000000007FFF0200 000040
[    0.000000] ACPI: FACS 0x000000007FFF0200 000040
[    0.000000] ACPI: APIC 0x000000007FFF0240 00005C (v02 VBOX   VBOXAPIC 00000001 ASL  00000061)
[    0.000000] ACPI: SSDT 0x000000007FFF02A0 0001CC (v01 VBOX   VBOXCPUT 00000002 INTL 20100528)
[    0.000000] ACPI: Reserving FACP table memory at [mem 0x7fff00f0-0x7fff01e3]
[    0.000000] ACPI: Reserving DSDT table memory at [mem 0x7fff0470-0x7fff2794]
[    0.000000] ACPI: Reserving FACS table memory at [mem 0x7fff0200-0x7fff023f]
[    0.000000] ACPI: Reserving FACS table memory at [mem 0x7fff0200-0x7fff023f]
[    0.000000] ACPI: Reserving APIC table memory at [mem 0x7fff0240-0x7fff029b]
[    0.000000] ACPI: Reserving SSDT table memory at [mem 0x7fff02a0-0x7fff046b]
[    0.000000] No NUMA configuration found
[    0.000000] Faking a node at [mem 0x0000000000000000-0x000000007ffeffff]
[    0.000000] NODE_DATA(0) allocated [mem 0x7ffc5000-0x7ffeffff]
[    0.000000] kvm-clock: cpu 0, msr 0:7ff44001, primary cpu clock
[    0.000000] kvm-clock: Using msrs 4b564d01 and 4b564d00
[    0.000000] kvm-clock: using sched offset of 5131948981 cycles
[    0.000000] clocksource: kvm-clock: mask: 0xffffffffffffffff max_cycles: 0x1cd42e4dffb, max_idle_ns: 881590591483 ns
[    0.000000] Zone ranges:
[    0.000000]   DMA      [mem 0x0000000000001000-0x0000000000ffffff]
[    0.000000]   DMA32    [mem 0x0000000001000000-0x000000007ffeffff]
[    0.000000]   Normal   empty
[    0.000000]   Device   empty
[    0.000000] Movable zone start for each node
[    0.000000] Early memory node ranges
[    0.000000]   node   0: [mem 0x0000000000001000-0x000000000009efff]
[    0.000000]   node   0: [mem 0x0000000000100000-0x000000007ffeffff]
[    0.000000] Reserved but unavailable: 104 pages
[    0.000000] Initmem setup node 0 [mem 0x0000000000001000-0x000000007ffeffff]
[    0.000000] ACPI: PM-Timer IO Port: 0x4008
[    0.000000] IOAPIC[0]: apic_id 2, version 32, address 0xfec00000, GSI 0-23
[    0.000000] ACPI: INT_SRC_OVR (bus 0 bus_irq 0 global_irq 2 dfl dfl)
[    0.000000] ACPI: INT_SRC_OVR (bus 0 bus_irq 9 global_irq 9 low level)
[    0.000000] Using ACPI (MADT) for SMP configuration information
[    0.000000] smpboot: Allowing 2 CPUs, 0 hotplug CPUs
[    0.000000] PM: Registered nosave memory: [mem 0x00000000-0x00000fff]
[    0.000000] PM: Registered nosave memory: [mem 0x0009f000-0x0009ffff]
[    0.000000] PM: Registered nosave memory: [mem 0x000a0000-0x000effff]
[    0.000000] PM: Registered nosave memory: [mem 0x000f0000-0x000fffff]
[    0.000000] e820: [mem 0x80000000-0xfebfffff] available for PCI devices
[    0.000000] Booting paravirtualized kernel on KVM
[    0.000000] clocksource: refined-jiffies: mask: 0xffffffff max_cycles: 0xffffffff, max_idle_ns: 7645519600211568 ns
[    0.000000] random: get_random_bytes called from start_kernel+0x99/0x500 with crng_init=0
[    0.000000] setup_percpu: NR_CPUS:8192 nr_cpumask_bits:2 nr_cpu_ids:2 nr_node_ids:1
[    0.000000] percpu: Embedded 45 pages/cpu s147456 r8192 d28672 u1048576
[    0.000000] PV qspinlock hash table entries: 256 (order: 0, 4096 bytes)
[    0.000000] Built 1 zonelists, mobility grouping on.  Total pages: 515961
[    0.000000] Policy zone: DMA32
[    0.000000] Kernel command line: BOOT_IMAGE=/boot/vmlinuz-4.15.0-151-generic root=LABEL=cloudimg-rootfs ro console=tty1 console=ttyS0
[    0.000000] Memory: 2014912K/2096696K available (12300K kernel code, 2483K rwdata, 4320K rodata, 2448K init, 2724K bss, 81784K reserved, 0K cma-reserved)
[    0.000000] SLUB: HWalign=64, Order=0-3, MinObjects=0, CPUs=2, Nodes=1
[    0.000000] ftrace: allocating 39460 entries in 155 pages
[    0.004000] Hierarchical RCU implementation.
[    0.004000] 	RCU restricting CPUs from NR_CPUS=8192 to nr_cpu_ids=2.
[    0.004000] 	Tasks RCU enabled.
[    0.004000] RCU: Adjusting geometry for rcu_fanout_leaf=16, nr_cpu_ids=2
[    0.004000] NR_IRQS: 524544, nr_irqs: 440, preallocated irqs: 16
[    0.004000] Console: colour VGA+ 80x25
[    0.004000] console [tty1] enabled
[    0.004000] console [ttyS0] enabled
[    0.004000] ACPI: Core revision 20170831
[    0.004000] ACPI: 2 ACPI AML tables successfully acquired and loaded
[    0.004000] APIC: Switch to symmetric I/O mode setup
[    0.004000] ..TIMER: vector=0x30 apic1=0 pin1=2 apic2=-1 pin2=-1
[    0.004008] tsc: Detected 1800.005 MHz processor
[    0.008012] Calibrating delay loop (skipped) preset value.. 3600.01 BogoMIPS (lpj=7200020)
[    0.012007] pid_max: default: 32768 minimum: 301
[    0.016066] Security Framework initialized
[    0.020008] Yama: becoming mindful.
[    0.024144] AppArmor: AppArmor initialized
[    0.040478] Dentry cache hash table entries: 262144 (order: 9, 2097152 bytes)
[    0.053094] Inode-cache hash table entries: 131072 (order: 8, 1048576 bytes)
[    0.056140] Mount-cache hash table entries: 4096 (order: 3, 32768 bytes)
[    0.060103] Mountpoint-cache hash table entries: 4096 (order: 3, 32768 bytes)
[    0.068323] Last level iTLB entries: 4KB 64, 2MB 8, 4MB 8
[    0.072003] Last level dTLB entries: 4KB 64, 2MB 0, 4MB 0, 1GB 4
[    0.076007] Spectre V1 : Mitigation: usercopy/swapgs barriers and __user pointer sanitization
[    0.080010] Spectre V2 : Mitigation: Enhanced IBRS
[    0.084002] Spectre V2 : Spectre v2 / SpectreRSB mitigation: Filling RSB on context switch
[    0.088010] Speculative Store Bypass: Vulnerable
[    0.092041] MDS: Mitigation: Clear CPU buffers
[    0.096156] Freeing SMP alternatives memory: 36K
[    0.212443] smpboot: CPU0: Intel(R) Core(TM) i5-8265U CPU @ 1.60GHz (family: 0x6, model: 0x8e, stepping: 0xc)
[    0.216691] Performance Events: unsupported p6 CPU model 142 no PMU driver, software events only.
[    0.220114] Hierarchical SRCU implementation.
[    0.224951] NMI watchdog: Perf event create on CPU 0 failed with -2
[    0.228005] NMI watchdog: Perf NMI watchdog permanently disabled
[    0.232553] smp: Bringing up secondary CPUs ...
[    0.236936] x86: Booting SMP configuration:
[    0.240007] .... node  #0, CPUs:      #1
[    0.004000] kvm-clock: cpu 1, msr 0:7ff44041, secondary cpu clock
[    0.252000] TSC synchronization [CPU#0 -> CPU#1]:
[    0.252000] Measured 36400 cycles TSC warp between CPUs, turning off TSC clock.
[    0.252000] tsc: Marking TSC unstable due to check_tsc_sync_source failed
[    0.256201] smp: Brought up 1 node, 2 CPUs
[    0.260009] smpboot: Max logical packages: 1
[    0.264014] smpboot: Total of 2 processors activated (7200.02 BogoMIPS)
[    0.276106] devtmpfs: initialized
[    0.280146] x86/mm: Memory block size: 128MB
[    0.284692] evm: security.selinux
[    0.288010] evm: security.SMACK64
[    0.292025] evm: security.SMACK64EXEC
[    0.296010] evm: security.SMACK64TRANSMUTE
[    0.300009] evm: security.SMACK64MMAP
[    0.303409] evm: security.apparmor
[    0.304015] evm: security.ima
[    0.308009] evm: security.capability
[    0.316115] clocksource: jiffies: mask: 0xffffffff max_cycles: 0xffffffff, max_idle_ns: 7645041785100000 ns
[    0.320034] futex hash table entries: 512 (order: 3, 32768 bytes)
[    0.324169] pinctrl core: initialized pinctrl subsystem
[    0.332004] RTC time: 18:58:32, date: 08/06/21
[    0.336450] NET: Registered protocol family 16
[    0.340245] audit: initializing netlink subsys (disabled)
[    0.344194] audit: type=2000 audit(1628276318.460:1): state=initialized audit_enabled=0 res=1
[    0.352005] cpuidle: using governor ladder
[    0.356024] cpuidle: using governor menu
[    0.360051] ACPI: bus type PCI registered
[    0.364004] acpiphp: ACPI Hot Plug PCI Controller Driver version: 0.5
[    0.368438] PCI: Using configuration type 1 for base access
[    0.377426] HugeTLB registered 2.00 MiB page size, pre-allocated 0 pages
[    0.389176] ACPI: Added _OSI(Module Device)
[    0.392013] ACPI: Added _OSI(Processor Device)
[    0.396003] ACPI: Added _OSI(3.0 _SCP Extensions)
[    0.400002] ACPI: Added _OSI(Processor Aggregator Device)
[    0.404017] ACPI: Added _OSI(Linux-Dell-Video)
[    0.408004] ACPI: Added _OSI(Linux-Lenovo-NV-HDMI-Audio)
[    0.412003] ACPI: Added _OSI(Linux-HPI-Hybrid-Graphics)
[    0.416785] ACPI: Executed 1 blocks of module-level executable AML code
[    0.426490] ACPI: Interpreter enabled
[    0.428013] ACPI: (supports S0 S5)
[    0.432004] ACPI: Using IOAPIC for interrupt routing
[    0.436391] PCI: Using host bridge windows from ACPI; if necessary, use "pci=nocrs" and report a bug
[    0.440215] ACPI: Enabled 2 GPEs in block 00 to 07
[    0.454712] ACPI: PCI Root Bridge [PCI0] (domain 0000 [bus 00-ff])
[    0.456008] acpi PNP0A03:00: _OSC: OS supports [ASPM ClockPM Segments MSI]
[    0.460760] acpi PNP0A03:00: _OSC: not requesting OS control; OS requires [ExtendedConfig ASPM ClockPM MSI]
[    0.464015] acpi PNP0A03:00: fail to add MMCONFIG information, can't access extended PCI configuration space under this bridge.
[    0.468732] PCI host bridge to bus 0000:00
[    0.472010] pci_bus 0000:00: root bus resource [io  0x0000-0x0cf7 window]
[    0.476006] pci_bus 0000:00: root bus resource [io  0x0d00-0xffff window]
[    0.480011] pci_bus 0000:00: root bus resource [mem 0x000a0000-0x000bffff window]
[    0.484005] pci_bus 0000:00: root bus resource [mem 0x80000000-0xfdffffff window]
[    0.488029] pci_bus 0000:00: root bus resource [bus 00-ff]
[    0.498787] pci 0000:00:01.1: legacy IDE quirk: reg 0x10: [io  0x01f0-0x01f7]
[    0.500009] pci 0000:00:01.1: legacy IDE quirk: reg 0x14: [io  0x03f6]
[    0.504007] pci 0000:00:01.1: legacy IDE quirk: reg 0x18: [io  0x0170-0x0177]
[    0.508025] pci 0000:00:01.1: legacy IDE quirk: reg 0x1c: [io  0x0376]
[    0.585673] pci 0000:00:07.0: quirk: [io  0x4000-0x403f] claimed by PIIX4 ACPI
[    0.596034] pci 0000:00:07.0: quirk: [io  0x4100-0x410f] claimed by PIIX4 SMB
[    0.626032] ACPI: PCI Interrupt Link [LNKA] (IRQs 5 9 10 *11)
[    0.636689] ACPI: PCI Interrupt Link [LNKB] (IRQs 5 9 *10 11)
[    0.648219] ACPI: PCI Interrupt Link [LNKC] (IRQs 5 *9 10 11)
[    0.660200] ACPI: PCI Interrupt Link [LNKD] (IRQs 5 9 10 *11)
[    0.672197] SCSI subsystem initialized
[    0.676180] pci 0000:00:02.0: vgaarb: setting as boot VGA device
[    0.680000] pci 0000:00:02.0: vgaarb: VGA device added: decodes=io+mem,owns=io+mem,locks=none
[    0.700008] pci 0000:00:02.0: vgaarb: bridge control possible
[    0.708003] vgaarb: loaded
[    0.712103] ACPI: bus type USB registered
[    0.720041] usbcore: registered new interface driver usbfs
[    0.732025] usbcore: registered new interface driver hub
[    0.740015] usbcore: registered new device driver usb
[    0.748148] EDAC MC: Ver: 3.0.0
[    0.760079] PCI: Using ACPI for IRQ routing
[    0.764716] NetLabel: Initializing
[    0.768002] NetLabel:  domain hash size = 128
[    0.772010] NetLabel:  protocols = UNLABELED CIPSOv4 CALIPSO
[    0.780122] NetLabel:  unlabeled traffic allowed by default
[    0.784277] clocksource: Switched to clocksource kvm-clock
[    0.841354] VFS: Disk quotas dquot_6.6.0
[    0.845781] VFS: Dquot-cache hash table entries: 512 (order 0, 4096 bytes)
[    0.851157] AppArmor: AppArmor Filesystem Enabled
[    0.856658] pnp: PnP ACPI init
[    0.861717] pnp: PnP ACPI: found 3 devices
[    0.873800] clocksource: acpi_pm: mask: 0xffffff max_cycles: 0xffffff, max_idle_ns: 2085701024 ns
[    0.881774] NET: Registered protocol family 2
[    0.886407] TCP established hash table entries: 16384 (order: 5, 131072 bytes)
[    0.894683] TCP bind hash table entries: 16384 (order: 6, 262144 bytes)
[    0.902069] TCP: Hash tables configured (established 16384 bind 16384)
[    0.909968] UDP hash table entries: 1024 (order: 3, 32768 bytes)
[    0.918092] UDP-Lite hash table entries: 1024 (order: 3, 32768 bytes)
[    0.924606] NET: Registered protocol family 1
[    0.928731] pci 0000:00:00.0: Limiting direct PCI/PCI transfers
[    0.933330] pci 0000:00:01.0: Activating ISA DMA hang workarounds
[    0.940704] pci 0000:00:02.0: Video device with shadowed ROM at [mem 0x000c0000-0x000dffff]
[    0.948234] Unpacking initramfs...
[    1.516551] Freeing initrd memory: 19516K
[    1.522612] clocksource: tsc: mask: 0xffffffffffffffff max_cycles: 0x19f22e42037, max_idle_ns: 440795249997 ns
[    1.530645] platform rtc_cmos: registered platform RTC device (no PNP device found)
[    1.537215] Scanning for low memory corruption every 60 seconds
[    1.546481] Initialise system trusted keyrings
[    1.550696] Key type blacklist registered
[    1.554443] workingset: timestamp_bits=36 max_order=19 bucket_order=0
[    1.562807] zbud: loaded
[    1.567222] squashfs: version 4.0 (2009/01/31) Phillip Lougher
[    1.575782] fuse init (API version 7.26)
[    1.601603] Key type asymmetric registered
[    1.607233] Asymmetric key parser 'x509' registered
[    1.612547] Block layer SCSI generic (bsg) driver version 0.4 loaded (major 246)
[    1.619035] io scheduler noop registered
[    1.624217] io scheduler deadline registered
[    1.627825] io scheduler cfq registered (default)
[    1.632887] ACPI: AC Adapter [AC] (on-line)
[    1.637649] input: Power Button as /devices/LNXSYSTM:00/LNXPWRBN:00/input/input0
[    1.646392] ACPI: Power Button [PWRF]
[    1.650770] input: Sleep Button as /devices/LNXSYSTM:00/LNXSLPBN:00/input/input1
[    1.657398] ACPI: Sleep Button [SLPF]
[    1.661596] Serial: 8250/16550 driver, 32 ports, IRQ sharing enabled
[    1.662951] ACPI: Battery Slot [BAT0] (battery present)
[    1.700469] 00:02: ttyS0 at I/O 0x3f8 (irq = 4, base_baud = 115200) is a 16550A
[    1.710436] Linux agpgart interface v0.103
[    1.723583] loop: module loaded
[    1.729780] scsi host0: ata_piix
[    1.734330] scsi host1: ata_piix
[    1.738309] ata1: PATA max UDMA/33 cmd 0x1f0 ctl 0x3f6 bmdma 0xd000 irq 14
[    1.746398] ata2: PATA max UDMA/33 cmd 0x170 ctl 0x376 bmdma 0xd008 irq 15
[    1.752396] libphy: Fixed MDIO Bus: probed
[    1.757428] tun: Universal TUN/TAP device driver, 1.6
[    1.761883] PPP generic driver version 2.4.2
[    1.765529] ehci_hcd: USB 2.0 'Enhanced' Host Controller (EHCI) Driver
[    1.770883] ehci-pci: EHCI PCI platform driver
[    1.776438] ehci-platform: EHCI generic platform driver
[    1.781394] ohci_hcd: USB 1.1 'Open' Host Controller (OHCI) Driver
[    1.787046] ohci-pci: OHCI PCI platform driver
[    1.792444] ohci-platform: OHCI generic platform driver
[    1.796741] uhci_hcd: USB Universal Host Controller Interface driver
[    1.802165] i8042: PNP: PS/2 Controller [PNP0303:PS2K,PNP0f03:PS2M] at 0x60,0x64 irq 1,12
[    1.814006] serio: i8042 KBD port at 0x60,0x64 irq 1
[    1.818744] serio: i8042 AUX port at 0x60,0x64 irq 12
[    1.824560] mousedev: PS/2 mouse device common for all mice
[    1.830284] input: AT Translated Set 2 keyboard as /devices/platform/i8042/serio0/input/input2
[    1.840149] rtc_cmos rtc_cmos: rtc core: registered rtc_cmos as rtc0
[    1.846809] rtc_cmos rtc_cmos: alarms up to one day, 114 bytes nvram
[    1.852489] i2c /dev entries driver
[    1.857876] device-mapper: uevent: version 1.0.3
[    1.862292] device-mapper: ioctl: 4.37.0-ioctl (2017-09-20) initialised: dm-devel@redhat.com
[    1.869392] ledtrig-cpu: registered to indicate activity on CPUs
[    1.879576] NET: Registered protocol family 10
[    1.893771] Segment Routing with IPv6
[    1.897338] NET: Registered protocol family 17
[    1.903926] Key type dns_resolver registered
[    1.910345] mce: Using 0 MCE banks
[    1.916853] RAS: Correctable Errors collector initialized.
[    1.922072] sched_clock: Marking stable (1921981882, 0)->(2871543912, -949562030)
[    1.967297] registered taskstats version 1
[    1.971840] Loading compiled-in X.509 certificates
[    1.981879] Loaded X.509 cert 'Build time autogenerated kernel key: f57eddc348b36f7d35fd4232c73b07389449520d'
[    1.992095] Loaded X.509 cert 'Canonical Ltd. Live Patch Signing: 14df34d1a87cf37625abec039ef2bf521249b969'
[    2.000269] Loaded X.509 cert 'Canonical Ltd. Kernel Module Signing: 88f752e560a1e0737e31163a466ad7b70a850c19'
[    2.010773] zswap: loaded using pool lzo/zbud
[    2.026668] Key type big_key registered
[    2.030719] Key type trusted registered
[    2.038376] Key type encrypted registered
[    2.044562] AppArmor: AppArmor sha1 policy hashing enabled
[    2.049617] ima: No TPM chip found, activating TPM-bypass! (rc=-19)
[    2.055135] ima: Allocated hash algorithm: sha1
[    2.061128] evm: HMAC attrs: 0x1
[    2.064458]   Magic number: 1:814:998
[    2.067340] i8042 kbd 00:00: hash matches
[    2.071684] rtc_cmos rtc_cmos: setting system clock to 2021-08-06 18:58:34 UTC (1628276314)
[    2.080803] BIOS EDD facility v0.16 2004-Jun-25, 0 devices found
[    2.085886] EDD information not available.
[    2.094602] Freeing unused kernel image memory: 2448K
[    2.121092] Write protecting the kernel read-only data: 20480k
[    2.128715] Freeing unused kernel image memory: 2008K
[    2.133823] Freeing unused kernel image memory: 1824K
[    2.146091] x86/mm: Checked W+X mappings: passed, no W+X pages found.
Loading, please wait...
starting version 237
[    2.258179] e1000: Intel(R) PRO/1000 Network Driver - version 7.3.21-k8-NAPI
[    2.264803] e1000: Copyright (c) 1999-2006 Intel Corporation.
[    2.269650] Fusion MPT base driver 3.04.20
[    2.276372] Copyright (c) 1999-2008 LSI Corporation
[    2.309831] Fusion MPT SPI Host driver 3.04.20
[    2.542638] input: ImExPS/2 Generic Explorer Mouse as /devices/platform/i8042/serio1/input/input4
[    2.942676] e1000 0000:00:03.0 eth0: (PCI:33MHz:32-bit) 02:25:dc:f2:e3:81
[    2.948712] e1000 0000:00:03.0 eth0: Intel(R) PRO/1000 Network Connection
[    2.958818] mptbase: ioc0: Initiating bringup
[    3.059352] ioc0: LSI53C1030 A0: Capabilities={Initiator}
[    3.319235] scsi host2: ioc0: LSI53C1030 A0, FwRev=00000000h, Ports=1, MaxQ=256, IRQ=20
[    3.499696] scsi 2:0:0:0: Direct-Access     VBOX     HARDDISK         1.0  PQ: 0 ANSI: 5
[    3.845967] scsi target2:0:0: Beginning Domain Validation
[    3.863808] scsi target2:0:0: Domain Validation skipping write tests
[    3.869281] scsi target2:0:0: Ending Domain Validation
[    3.875771] scsi target2:0:0: asynchronous
[    3.881457] random: fast init done
[    3.885995] scsi 2:0:1:0: Direct-Access     VBOX     HARDDISK         1.0  PQ: 0 ANSI: 5
[    4.092095] scsi target2:0:1: Beginning Domain Validation
[    4.107753] scsi target2:0:1: Domain Validation skipping write tests
[    4.114534] scsi target2:0:1: Ending Domain Validation
[    4.119833] scsi target2:0:1: asynchronous
[    4.141208] random: systemd-udevd: uninitialized urandom read (16 bytes read)
[    4.148061] sd 2:0:0:0: Attached scsi generic sg0 type 0
[    4.150203] e1000 0000:00:08.0 eth1: (PCI:33MHz:32-bit) 08:00:27:c8:f3:dd
[    4.152685] sd 2:0:1:0: Attached scsi generic sg1 type 0
[    4.158364] e1000 0000:00:08.0 eth1: Intel(R) PRO/1000 Network Connection
[    4.163124] random: systemd-udevd: uninitialized urandom read (16 bytes read)
[    4.168747] sd 2:0:0:0: [sda] 83886080 512-byte logical blocks: (42.9 GB/40.0 GiB)
[    4.176945] random: systemd-udevd: uninitialized urandom read (16 bytes read)
[    4.190651] sd 2:0:0:0: [sda] Write Protect is off
[    4.192650] e1000 0000:00:03.0 enp0s3: renamed from eth0
[    4.198560] sd 2:0:1:0: [sdb] 20480 512-byte logical blocks: (10.5 MB/10.0 MiB)
[    4.204808] sd 2:0:0:0: [sda] Incomplete mode parameter data
[    4.211763] sd 2:0:0:0: [sda] Assuming drive cache: write through
[    4.216853] sd 2:0:1:0: [sdb] Write Protect is off
[    4.223215] sd 2:0:1:0: [sdb] Incomplete mode parameter data
[    4.228525] sd 2:0:1:0: [sdb] Assuming drive cache: write through
[    4.238835]  sda: sda1
[    4.249390] sd 2:0:1:0: [sdb] Attached SCSI disk
[    4.252578] sd 2:0:0:0: [sda] Attached SCSI disk
[    4.255940] e1000 0000:00:08.0 enp0s8: renamed from eth1
Begin: Loading essential drivers ... [  210.908370] INFO: rcu_sched detected stalls on CPUs/tasks:
[  210.915067] 	1-...!: (1 GPs behind) idle=c9e/140000000000001/0 softirq=1091/1101 fqs=0 
[  210.924583] 	(detected by 1, t=0 jiffies, g=-92, c=-93, q=171)
[  210.931907] NMI backtrace for cpu 1
[  210.936112] CPU: 1 PID: 263 Comm: modprobe Not tainted 4.15.0-151-generic #157-Ubuntu
[  210.946692] Hardware name: innotek GmbH VirtualBox/VirtualBox, BIOS VirtualBox 12/01/2006
[  210.959990] Call Trace:
[  210.970289]  <IRQ>
[  210.974650]  dump_stack+0x6d/0x8b
[  210.979012]  nmi_cpu_backtrace+0x94/0xa0
[  210.983380]  ? lapic_can_unplug_cpu+0xb0/0xb0
[  210.991229]  nmi_trigger_cpumask_backtrace+0xe7/0x130
[  210.999618]  arch_trigger_cpumask_backtrace+0x19/0x20
[  211.009587]  rcu_dump_cpu_stacks+0xa3/0xd5
[  211.015143]  rcu_check_callbacks+0x894/0x8e0
[  211.020541]  ? tick_sched_do_timer+0x50/0x50
[  211.028352]  update_process_times+0x2f/0x60
[  211.035453]  tick_sched_handle+0x26/0x70
[  211.041164]  ? tick_sched_do_timer+0x42/0x50
[  211.046155]  tick_sched_timer+0x39/0x80
[  211.049760]  __hrtimer_run_queues+0xdf/0x230
[  211.054076]  hrtimer_interrupt+0xa0/0x1d0
[  211.060869]  smp_apic_timer_interrupt+0x6f/0x140
[  211.065477]  apic_timer_interrupt+0x90/0xa0
[  211.069656]  </IRQ>
[  211.073480] RIP: 0010:raid6_sse21_gen_syndrome+0xce/0x130 [raid6_pq]
[  211.080207] RSP: 0018:ffffa129c04fbb60 EFLAGS: 00010287 ORIG_RAX: ffffffffffffff11
[  211.087972] RAX: ffffa129c04fbbd0 RBX: 0000000000001000 RCX: ffffffffc00fe600
[  211.096373] RDX: 0000000000000e20 RSI: ffffa129c04fbc28 RDI: 000000000000000d
[  211.103376] RBP: ffffa129c04fbb90 R08: ffffa129c04fbba8 R09: 0000000000000e20
[  211.111731] R10: ffffa129c04fbc20 R11: ffffa129c04fbc18 R12: ffff88c2b6ce8000
[  211.118203] R13: ffff88c2b6ce9000 R14: ffffa129c04fbbb0 R15: 0000000000000080
[  211.127384]  init_module+0x118/0x1000 [raid6_pq]
[  211.132801]  ? 0xffffffffc0079000
[  211.136023]  do_one_initcall+0x52/0x1a0
[  211.141051]  ? _cond_resched+0x19/0x40
[  211.144940]  ? kmem_cache_alloc_trace+0x167/0x1d0
[  211.149140]  ? do_init_module+0x27/0x211
[  211.153073]  do_init_module+0x5f/0x211
[  211.158980]  load_module+0x1772/0x2000
[  211.163151]  ? ima_post_read_file+0x96/0xa0
[  211.166843]  SYSC_finit_module+0xfc/0x120
[  211.170456]  ? SYSC_finit_module+0xfc/0x120
[  211.176231]  SyS_finit_module+0xe/0x10
[  211.180323]  do_syscall_64+0x73/0x130
[  211.183641]  entry_SYSCALL_64_after_hwframe+0x41/0xa6
[  211.189944] RIP: 0033:0x7f7362036639
[  211.193831] RSP: 002b:00007ffec9f64ed8 EFLAGS: 00000246 ORIG_RAX: 0000000000000139
[  211.200222] RAX: ffffffffffffffda RBX: 00005627bb898880 RCX: 00007f7362036639
[  211.208168] RDX: 0000000000000000 RSI: 00005627b9e3dcee RDI: 0000000000000004
[  211.215044] RBP: 00005627b9e3dcee R08: 0000000000000000 R09: 00005627bb897e00
[  211.223037] R10: 0000000000000004 R11: 0000000000000246 R12: 0000000000000000
[  211.230826] R13: 00005627bb898830 R14: 0000000000060000 R15: 00005627bb897e00
[  211.237615] raid6: sse2x1   gen() 50380150 MB/s
[  211.290952] raid6: sse2x1   xor()  5694 MB/s
[  211.344643] raid6: sse2x2   gen()  9877 MB/s
[  211.409451] raid6: sse2x2   xor()  7201 MB/s
[  211.473896] raid6: sse2x4   gen()  8960 MB/s
[  211.538004] raid6: sse2x4   xor()  7361 MB/s
[  211.543316] raid6: using algorithm sse2x1 gen() 50380150 MB/s
[  211.549031] raid6: .... xor() 5694 MB/s, rmw enabled
[  211.554086] raid6: using ssse3x2 recovery algorithm
[  211.564769] xor: measuring software checksum speed
[  211.608174]    prefetch64-sse: 15087.000 MB/sec
[  211.648120]    generic_sse: 14366.000 MB/sec
[  211.652622] xor: using function: prefetch64-sse (15087.000 MB/sec)
[  211.663741] async_tx: api initialized (async)
done.
Begin: Running /scripts/init-premount ... done.
Begin: Mounting root file system ... Begin: Running /scripts/local-top ... done.
Begin: Running /scripts/local-premount ... [  211.773163] Btrfs loaded, crc32c=crc32c-intel
Scanning for Btrfs filesystems
done.
Warning: fsck not present, so skipping root file system
[  212.131731] EXT4-fs (sda1): INFO: recovery required on readonly filesystem
[  212.139634] EXT4-fs (sda1): write access will be enabled during recovery
[  212.852662] EXT4-fs (sda1): orphan cleanup on readonly fs
[  212.868869] EXT4-fs (sda1): 5 orphan inodes deleted
[  212.875098] EXT4-fs (sda1): recovery complete
[  212.882312] EXT4-fs (sda1): mounted filesystem with ordered data mode. Opts: (null)
done.
Begin: Running /scripts/local-bottom ... done.
Begin: Running /scripts/init-bottom ... done.
[  213.377452] ip_tables: (C) 2000-2006 Netfilter Core Team
[  213.425356] systemd[1]: systemd 237 running in system mode. (+PAM +AUDIT +SELINUX +IMA +APPARMOR +SMACK +SYSVINIT +UTMP +LIBCRYPTSETUP +GCRYPT +GNUTLS +ACL +XZ +LZ4 +SECCOMP +BLKID +ELFUTILS +KMOD -IDN2 +IDN -PCRE2 default-hierarchy=hybrid)
[  213.443468] systemd[1]: Detected virtualization oracle.
[  213.449371] systemd[1]: Detected architecture x86-64.

Welcome to [1mUbuntu 18.04.5 LTS[0m!

[  213.485840] systemd[1]: Set hostname to <ubuntu-bionic>.
[  214.047664] systemd[1]: Reached target User and Group Name Lookups.
[[0;32m  OK  [0m] Reached target User and Group Name Lookups.
[  214.058356] systemd[1]: Set up automount Arbitrary Executable File Formats File System Automount Point.
[[0;32m  OK  [0m] Set up automount Arbitrary Executab…rmats File System Automount Point.
[  214.079819] systemd[1]: Created slice System Slice.
[[0;32m  OK  [0m] Created slice System Slice.
[  214.088369] systemd[1]: Listening on Journal Socket (/dev/log).
[[0;32m  OK  [0m] Listening on Journal Socket (/dev/log).
[  214.099063] systemd[1]: Listening on LVM2 metadata daemon socket.
[[0;32m  OK  [0m] Listening on LVM2 metadata daemon socket.
[  214.107952] systemd[1]: Listening on LVM2 poll daemon socket.
[[0;32m  OK  [0m] Listening on LVM2 poll daemon socket.
[[0;32m  OK  [0m] Listening on Journal Audit Socket.
[[0;32m  OK  [0m] Listening on udev Kernel Socket.
[[0;32m  OK  [0m] Reached target Swap.
[[0;32m  OK  [0m] Listening on udev Control Socket.
[[0;32m  OK  [0m] Listening on Network Service Netlink Socket.
[[0;32m  OK  [0m] Listening on /dev/initctl Compatibility Named Pipe.
[[0;32m  OK  [0m] Created slice User and Session Slice.
[[0;32m  OK  [0m] Listening on Device-mapper event daemon FIFOs.
[[0;32m  OK  [0m] Reached target System Time Synchronized.
[[0;32m  OK  [0m] Reached target Slices.
[[0;32m  OK  [0m] Created slice system-serial\x2dgetty.slice.
[[0;32m  OK  [0m] Started Forward Password Requests to Wall Directory Watch.
[[0;32m  OK  [0m] Listening on fsck to fsckd communication Socket.
[[0;32m  OK  [0m] Listening on Journal Socket.
         Starting udev Coldplug all Devices...
         Starting Create list of required st…ce nodes for the current kernel...
         Mounting POSIX Message Queue File System...
         Starting Set the console keyboard layout...
         Starting Load Kernel Modules...
         Mounting Huge Pages File System...
         Mounting Kernel Debug File System...
         Starting File System Check on Root Device...
         Starting Uncomplicated firewall...
         Starting Monitoring of LVM2 mirrors…ng dmeventd or progress polling...
[  214.242393] Loading iSCSI transport class v2.0-870.
[[0;32m  OK  [0m] Listening on Syslog Socket.
         Starting Journal Service...
[[0;32m  OK  [0m] Started Create list of required sta…vice nodes for the current kernel.[  214.365048] iscsi: registered transport (tcp)

[[0;32m  OK  [0m] Mounted POSIX Message Queue File System.
[[0;32m  OK  [0m] Mounted Huge Pages File System.
[[0;32m  OK  [0m] Mounted Kernel Debug File System.
[[0;32m  OK  [0m] Started Uncomplicated firewall.
[[0;32m  OK  [0m] Started File System Check Daemon to report status.
[[0;32m  OK  [0m] Started LVM2 metadata daemon.
         Starting Create Static Device Nodes in /dev...
[[0;32m  OK  [0m] Started udev Coldplug all Devices.
[[0;32m  OK  [0m] Started Journal Service.
[  214.459209] iscsi: registered transport (iser)
[[0;32m  OK  [0m] Started Load Kernel Modules.
         Mounting Kernel Configuration File System...
         Starting Apply Kernel Variables...
         Mounting FUSE Control File System...
[[0;32m  OK  [0m] Mounted Kernel Configuration File System.
[[0;32m  OK  [0m] Started File System Check on Root Device.
[[0;32m  OK  [0m] Mounted FUSE Control File System.
         Starting Remount Root and Kernel File Systems...
[[0;32m  OK  [0m] Started Create Static Device Nodes in /dev.
[[0;32m  OK  [0m] Started Monitoring of LVM2 mirrors,…sing dmeventd or progress polling.
[[0;32m  OK  [0m] Started Set the console keyboard layout.
[[0;32m  OK  [0m] Started Apply Kernel Variables.
[[0;32m  OK  [0m] Started Remount Root and Kernel File Systems.
         Starting udev Kernel Device Manager...
[[0;32m  OK  [0m] Reached target Local File Systems (Pre).
[[0;32m  OK  [0m] Reached target Local File Systems.
         Starting ebtables ruleset management...
         Starting Tell Plymouth To Write Out Runtime Data...
         Starting AppArmor initialization...
         Starting Set console font and keymap...
         Starting Flush Journal to Persistent Storage...
         Starting Load/Save Random Seed...
[[0;32m  OK  [0m] Started udev Kernel Device Manager.
[[0;32m  OK  [0m] Started Dispatch Password Requests to Console Directory Watch.
[[0;32m  OK  [0m] Reached target Local Encrypted Volumes.
[[0;32m  OK  [0m] Started Tell Plymouth To Write Out Runtime Data.
[[0;32m  OK  [0m] Started Set console font and keymap.
[[0;32m  OK  [0m] Started Load/Save Random Seed.
[[0;32m  OK  [0m] Started ebtables ruleset management.
[[0;32m  OK  [0m] Started Flush Journal to Persistent Storage.
         Starting Create Volatile Files and Directories...
[[0;32m  OK  [0m] Started Create Volatile Files and Directories.
         Starting Update UTMP about System Boot/Shutdown...
[[0;32m  OK  [0m] Started Update UTMP about System Boot/Shutdown.
[[0;32m  OK  [0m] Found device /dev/ttyS0.
[[0;32m  OK  [0m] Listening on Load/Save RF Kill Switch Status /dev/rfkill Watch.
[[0;32m  OK  [0m] Started AppArmor initialization.
         Starting Load AppArmor profiles managed internally by snapd...
         Starting Initial cloud-init job (pre-networking)...
[[0;32m  OK  [0m] Started Load AppArmor profiles managed internally by snapd.
[  217.612782] cloud-init[543]: Cloud-init v. 21.2-3-g899bfaa9-0ubuntu2~18.04.1 running 'init-local' at Fri, 06 Aug 2021 19:02:09 +0000. Up 217.32 seconds.
[[0;32m  OK  [0m] Started Initial cloud-init job (pre-networking).
[[0;32m  OK  [0m] Reached target Network (Pre).
         Starting Network Service...
[[0;32m  OK  [0m] Started Network Service.
         Starting Network Name Resolution...
         Starting Wait for Network to be Configured...
[[0;32m  OK  [0m] Started Network Name Resolution.
[[0;32m  OK  [0m] Reached target Host and Network Name Lookups.
[[0;32m  OK  [0m] Reached target Network.
[[0;32m  OK  [0m] Started Wait for Network to be Configured.
         Starting Initial cloud-init job (metadata service crawler)...
[  221.059423] cloud-init[672]: Cloud-init v. 21.2-3-g899bfaa9-0ubuntu2~18.04.1 running 'init' at Fri, 06 Aug 2021 19:02:13 +0000. Up 220.89 seconds.
[  221.063431] cloud-init[672]: ci-info: ++++++++++++++++++++++++++++++++++++++Net device info+++++++++++++++++++++++++++++++++++++++
[  221.066971] cloud-init[672]: ci-info: +--------+------+-----------------------------+---------------+--------+-------------------+
[  221.072336] cloud-init[672]: ci-info: | Device |  Up  |           Address           |      Mask     | Scope  |     Hw-Address    |
[  221.077441] cloud-init[672]: ci-info: +--------+------+-----------------------------+---------------+--------+-------------------+
[  221.080493] cloud-init[672]: ci-info: | enp0s3 | True |          10.0.2.15          | 255.255.255.0 | global | 02:25:dc:f2:e3:81 |
[  221.083545] cloud-init[672]: ci-info: | enp0s3 | True |  fe80::25:dcff:fef2:e381/64 |       .       |  link  | 02:25:dc:f2:e3:81 |
[  221.086914] cloud-init[672]: ci-info: | enp0s8 | True |        192.168.33.10        | 255.255.255.0 | global | 08:00:27:c8:f3:dd |
[  221.100634] cloud-init[672]: ci-info: | enp0s8 | True | fe80::a00:27ff:fec8:f3dd/64 |       .       |  link  | 08:00:27:c8:f3:dd |
[  221.104629] cloud-init[672]: ci-info: |   lo   | True |          127.0.0.1          |   255.0.0.0   |  host  |         .         |
[  221.108468] cloud-init[672]: ci-info: |   lo   | True |           ::1/128           |       .       |  host  |         .         |
[  221.111443] cloud-init[672]: ci-info: +--------+------+-----------------------------+---------------+--------+-------------------+
[  221.114490] cloud-init[672]: ci-info: +++++++++++++++++++++++++++++Route IPv4 info+++++++++++++++++++++++++++++
[  221.117172] cloud-init[672]: ci-info: +-------+--------------+----------+-----------------+-----------+-------+
[  221.119806] cloud-init[672]: ci-info: | Route | Destination  | Gateway  |     Genmask     | Interface | Flags |
[  221.124517] cloud-init[672]: ci-info: +-------+--------------+----------+-----------------+-----------+-------+
[  221.127376] cloud-init[672]: ci-info: |   0   |   0.0.0.0    | 10.0.2.2 |     0.0.0.0     |   enp0s3  |   UG  |
[  221.129981] cloud-init[672]: ci-info: |   1   |   10.0.2.0   | 0.0.0.0  |  255.255.255.0  |   enp0s3  |   U   |
[  221.132917] cloud-init[672]: ci-info: |   2   |   10.0.2.2   | 0.0.0.0  | 255.255.255.255 |   enp0s3  |   UH  |
[  221.135485] cloud-init[672]: ci-info: |   3   | 192.168.33.0 | 0.0.0.0  |  255.255.255.0  |   enp0s8  |   U   |
[  221.139889] cloud-init[672]: ci-info: +-------+--------------+----------+-----------------+-----------+-------+
[  221.143038] cloud-init[672]: ci-info: +++++++++++++++++++Route IPv6 info+++++++++++++++++++
[  221.145460] cloud-init[672]: ci-info: +-------+-------------+---------+-----------+-------+
[  221.147838] cloud-init[672]: ci-info: | Route | Destination | Gateway | Interface | Flags |
[  221.149971] cloud-init[672]: ci-info: +-------+-------------+---------+-----------+-------+
[  221.152289] cloud-init[672]: ci-info: |   1   |  fe80::/64  |    ::   |   enp0s8  |   U   |
[  221.154850] cloud-init[672]: ci-info: |   2   |  fe80::/64  |    ::   |   enp0s3  |   U   |
[  221.158642] cloud-init[672]: ci-info: |   4   |    local    |    ::   |   enp0s3  |   U   |
[  221.161033] cloud-init[672]: ci-info: |   5   |    local    |    ::   |   enp0s8  |   U   |
[  221.163235] cloud-init[672]: ci-info: |   6   |   ff00::/8  |    ::   |   enp0s8  |   U   |
[  221.165755] cloud-init[672]: ci-info: |   7   |   ff00::/8  |    ::   |   enp0s3  |   U   |
[  221.167959] cloud-init[672]: ci-info: +-------+-------------+---------+-----------+-------+
[[0;32m  OK  [0m] Started Initial cloud-init job (metadata service crawler).
[[0;32m  OK  [0m] Reached target Cloud-config availability.
[[0;32m  OK  [0m] Reached target Network is Online.
[[0;32m  OK  [0m] Reached target Remote File Systems (Pre).
         Starting Availability of block devices...
         Mounting /configs...
         Mounting /vagrant...
[[0;32m  OK  [0m] Reached target System Initialization.
[[0;32m  OK  [0m] Started Discard unused blocks once a week.
[[0;32m  OK  [0m] Started Message of the Day.
[[0;32m  OK  [0m] Listening on ACPID Listen Socket.
[[0;32m  OK  [0m] Listening on D-Bus System Message Bus Socket.
[[0;32m  OK  [0m] Started Daily apt download activities.
[[0;32m  OK  [0m] Started Daily apt upgrade and clean activities.
         Starting Docker Socket for the API.
[[0;32m  OK  [0m] Started Daily Cleanup of Temporary Directories.
[[0;32m  OK  [0m] Listening on UUID daemon activation socket.
         Starting Socket activation for snappy daemon.
[[0;32m  OK  [0m] Started ACPI Events Check.
[[0;32m  OK  [0m] Reached target Paths.
[[0;32m  OK  [0m] Started Ubuntu Advantage update messaging.
[[0;32m  OK  [0m] Reached target Timers.
[[0;32m  OK  [0m] Listening on Open-iSCSI iscsid Socket.
         Starting LXD - unix socket.
[[0;32m  OK  [0m] Started Availability of block devices.
[[0;32m  OK  [0m] Mounted /configs.
[[0;32m  OK  [0m] Mounted /vagrant.
[[0;32m  OK  [0m] Listening on Docker Socket for the API.
[[0;32m  OK  [0m] Listening on Socket activation for snappy daemon.
[[0;32m  OK  [0m] Listening on LXD - unix socket.
[[0;32m  OK  [0m] Reached target Sockets.
[[0;32m  OK  [0m] Reached target Basic System.
         Starting Login Service...
         Starting Dispatcher daemon for systemd-networkd...
[[0;32m  OK  [0m] Started irqbalance daemon.
         Starting containerd container runtime...
         Starting Virtualbox guest utils...
         Starting MySQL Community Server...
[[0;32m  OK  [0m] Started FUSE filesystem for LXC.
         Starting OpenBSD Secure Shell server...
         Starting Accounts Service...
         Starting Ubuntu Advantage APT and MOTD Messages...
         Starting Message of the Day...
         Starting LXD - container startup/shutdown...
         Starting LSB: Record successful boot for GRUB...
[[0;32m  OK  [0m] Started Regular background program processing daemon.
         Starting Snap Daemon...
         Starting System Logging Service...
[[0;32m  OK  [0m] Started Deferred execution scheduler.
[[0;32m  OK  [0m] Started D-Bus System Message Bus.
[[0;32m  OK  [0m] Reached target Remote File Systems.
         Starting Permit User Sessions...
         Starting LSB: Start Jenkins at boot time...
         Starting LSB: automatic crash report generation...
         Starting LSB: Linux init script for swapspace...
[[0;32m  OK  [0m] Started System Logging Service.
[[0;32m  OK  [0m] Started Login Service.
[[0;32m  OK  [0m] Started Unattended Upgrades Shutdown.
[[0;32m  OK  [0m] Started OpenBSD Secure Shell server.
[[0;32m  OK  [0m] Started Permit User Sessions.
         Starting Hold until boot process finishes up...
         Starting Terminate Plymouth Boot Screen...
[[0;32m  OK  [0m] Started Hold until boot process finishes up.
         Starting Set console scheme...
[[0;32m  OK  [0m] Started Serial Getty on ttyS0.
[[0;32m  OK  [0m] Started Terminate Plymouth Boot Screen.
[[0;32m  OK  [0m] Started LSB: Linux init script for swapspace.
[[0;32m  OK  [0m] Started Set console scheme.
[[0;32m  OK  [0m] Created slice system-getty.slice.
[[0;32m  OK  [0m] Started Getty on tty1.
[[0;32m  OK  [0m] Reached target Login Prompts.
         Starting Authorization Manager...
[[0;32m  OK  [0m] Started LSB: Record successful boot for GRUB.
[[0;32m  OK  [0m] Started Dispatcher daemon for systemd-networkd.
[[0;32m  OK  [0m] Started LSB: automatic crash report generation.
[[0;32m  OK  [0m] Started Authorization Manager.
[[0;32m  OK  [0m] Started Accounts Service.
[[0;32m  OK  [0m] Started Virtualbox guest utils.
[[0;32m  OK  [0m] Created slice User Slice of vagrant.
         Starting User Manager for UID 1000...
[[0;32m  OK  [0m] Started Session 1 of user vagrant.
[[0;32m  OK  [0m] Started LXD - container startup/shutdown.
[[0;32m  OK  [0m] Started User Manager for UID 1000.
[[0;32m  OK  [0m] Started Ubuntu Advantage APT and MOTD Messages.
[[0;32m  OK  [0m] Started containerd container runtime.
         Starting Docker Application Container Engine...
[[0;32m  OK  [0m] Started Snap Daemon.
         Starting Wait until snapd is fully seeded...

Ubuntu 18.04.5 LTS ubuntu-bionic ttyS0

ubuntu-bionic login: [  229.807069] cloud-init[1298]: Cloud-init v. 21.2-3-g899bfaa9-0ubuntu2~18.04.1 running 'modules:config' at Fri, 06 Aug 2021 19:02:21 +0000. Up 229.33 seconds.
[  234.614084] cloud-init[1754]: Cloud-init v. 21.2-3-g899bfaa9-0ubuntu2~18.04.1 running 'modules:final' at Fri, 06 Aug 2021 19:02:26 +0000. Up 234.34 seconds.
[  234.614249] cloud-init[1754]: Cloud-init v. 21.2-3-g899bfaa9-0ubuntu2~18.04.1 finished at Fri, 06 Aug 2021 19:02:27 +0000. Datasource DataSourceNoCloud [seed=/dev/sdb][dsmode=net].  Up 234.60 seconds
